<?xml version="1.0" encoding="utf-8"?><testsuites name="pytest tests"><testsuite name="pytest" errors="0" failures="1" skipped="0" tests="2" time="0.010" timestamp="2025-10-01T14:34:04.245351+01:00" hostname="sano-2.local"><testcase classname="test_otel" name="test_passes" time="0.000" /><testcase classname="test_otel" name="test_fails" time="0.000"><failure message="assert False">def test_fails():
&gt;       assert False
E       assert False

test_otel.py:5: AssertionError</failure></testcase></testsuite></testsuites>